<?xml version="1.0" encoding="UTF-8"?>
<!-- Generated by org.testng.reporters.JUnitReportReporter -->
<testsuite hostname="admin-PC" failures="0" tests="1" name="com.automation.testcases.LoginTestCRM" time="13.931" errors="0" timestamp="2022-12-03T22:33:42 IST" skipped="0">
  <testcase classname="com.automation.testcases.LoginTestCRM" name="loginApp" time="13.931"/>
  <system-out/>
</testsuite> <!-- com.automation.testcases.LoginTestCRM -->
